SF:lib/data/http/http_error.dart
DA:1,3
DA:2,3
DA:3,3
DA:4,3
DA:5,3
DA:6,3
DA:7,3
LF:7
LH:7
end_of_record
SF:lib/infra/http/http_adapter.dart
DA:10,1
DA:12,1
DA:19,1
DA:22,3
DA:24,2
DA:26,2
DA:27,1
DA:28,1
DA:30,2
DA:32,2
DA:35,1
DA:37,1
DA:38,2
DA:39,1
DA:40,2
DA:45,1
DA:48,1
DA:49,2
DA:50,4
DA:51,2
DA:53,2
DA:55,2
DA:57,2
DA:59,2
LF:24
LH:24
end_of_record
SF:lib/data/usecases/load_pokemon_details/remote_load_pokemon_details.dart
DA:13,1
DA:18,1
DA:21,6
DA:22,2
LF:4
LH:4
end_of_record
SF:lib/domain/entities/pokemon_entity.dart
DA:8,3
DA:13,8
LF:2
LH:2
end_of_record
SF:lib/domain/entities/ability_entity.dart
DA:7,2
DA:9,3
LF:2
LH:2
end_of_record
SF:lib/domain/entities/pokemon_details_entity.dart
DA:20,2
DA:36,2
DA:37,1
DA:38,1
DA:39,1
DA:40,1
DA:41,1
DA:42,1
DA:43,1
DA:44,1
DA:45,1
DA:46,1
DA:47,1
DA:48,1
DA:49,1
LF:15
LH:15
end_of_record
SF:lib/domain/entities/pokemon_result_entity.dart
DA:9,2
DA:11,4
LF:2
LH:2
end_of_record
SF:lib/domain/entities/type_entity.dart
DA:8,2
DA:10,4
LF:2
LH:2
end_of_record
SF:lib/domain/helpers/domain_error.dart
DA:1,4
DA:2,4
DA:3,4
DA:4,4
DA:5,4
LF:5
LH:5
end_of_record
SF:lib/presentation/mixins/load_manager.dart
DA:6,3
DA:8,3
LF:2
LH:2
end_of_record
SF:lib/presentation/mixins/navigate_manager.dart
DA:6,3
DA:8,3
LF:2
LH:2
end_of_record
SF:lib/presentation/presenters/pokemons/getx_pokemons_presenter.dart
DA:21,3
DA:23,1
DA:24,2
DA:26,1
DA:31,1
DA:33,1
DA:34,4
DA:35,1
DA:37,2
DA:38,2
DA:40,1
DA:41,4
DA:42,2
DA:43,3
DA:45,2
DA:47,4
DA:49,1
DA:53,1
DA:54,2
DA:57,1
DA:58,4
DA:59,1
DA:60,2
DA:61,2
LF:24
LH:24
end_of_record
SF:lib/ui/helpers/erros/ui_erros.dart
DA:1,4
DA:2,4
DA:6,2
LF:3
LH:3
end_of_record
SF:lib/ui/components/reload_screen.dart
DA:4,1
DA:12,1
DA:14,1
DA:16,1
DA:18,1
DA:19,2
DA:20,1
DA:21,1
DA:22,1
DA:23,1
DA:24,1
LF:11
LH:11
end_of_record
SF:lib/ui/components/spinner_dialog.dart
DA:3,1
DA:4,1
DA:7,1
DA:8,1
DA:9,1
DA:11,1
DA:12,1
DA:13,1
DA:14,1
DA:21,1
DA:22,1
DA:23,1
LF:12
LH:12
end_of_record
SF:lib/ui/pages/pokemons/components/load_next_page.dart
DA:7,1
DA:9,1
DA:10,2
DA:11,1
DA:12,1
LF:5
LH:5
end_of_record
SF:lib/ui/pages/pokemons/components/pokemon_item.dart
DA:9,1
DA:11,1
DA:13,1
DA:14,1
DA:15,1
DA:16,2
DA:18,1
DA:19,4
DA:20,1
DA:22,1
DA:23,1
DA:25,1
DA:27,1
DA:28,1
DA:29,1
DA:30,1
DA:32,1
DA:34,1
DA:36,1
DA:37,1
DA:38,1
DA:39,1
DA:45,1
DA:47,1
DA:49,1
DA:50,1
DA:51,1
DA:53,1
DA:54,1
DA:55,1
DA:56,4
DA:58,4
DA:59,1
DA:61,1
DA:62,1
DA:64,1
DA:65,1
DA:66,1
DA:67,1
DA:69,1
DA:73,1
DA:74,1
DA:75,1
DA:76,1
DA:82,1
DA:85,1
DA:86,2
DA:88,2
LF:48
LH:48
end_of_record
SF:lib/ui/pages/pokemons/components/pokemon_items.dart
DA:9,1
DA:11,1
DA:13,1
DA:19,2
DA:20,3
DA:21,1
DA:22,2
LF:7
LH:7
end_of_record
SF:lib/ui/pages/pokemons/components/view_models/ability_view_model.dart
DA:8,2
DA:10,1
DA:11,2
DA:13,3
LF:4
LH:4
end_of_record
SF:lib/ui/pages/pokemons/components/view_models/pokemon_details_view_model.dart
DA:6,1
DA:7,2
DA:26,2
DA:42,1
DA:43,1
DA:44,1
DA:45,3
DA:46,1
DA:47,1
DA:48,3
DA:49,1
DA:50,1
DA:51,1
DA:52,1
DA:53,3
DA:54,1
DA:55,1
DA:56,1
DA:57,1
DA:58,1
DA:59,1
DA:60,1
DA:64,2
DA:65,1
DA:66,1
DA:67,1
DA:68,1
DA:69,1
DA:70,1
DA:71,1
DA:72,1
DA:73,1
DA:74,1
DA:75,1
DA:76,1
DA:77,1
LF:36
LH:36
end_of_record
SF:lib/ui/pages/pokemons/components/view_models/pokemon_result_view_model.dart
DA:10,2
DA:14,1
DA:15,1
DA:16,1
DA:17,3
DA:18,1
DA:21,3
LF:7
LH:7
end_of_record
SF:lib/ui/pages/pokemons/components/view_models/pokemon_view_model.dart
DA:10,2
DA:16,1
DA:17,1
DA:19,1
DA:20,1
DA:23,4
DA:25,10
LF:7
LH:7
end_of_record
SF:lib/ui/pages/pokemons/components/view_models/type_view_model.dart
DA:9,2
DA:14,2
DA:15,1
DA:16,1
DA:19,4
LF:5
LH:5
end_of_record
SF:lib/ui/pages/pokemons/pokemons_page.dart
DA:13,1
DA:15,1
DA:17,1
DA:18,1
DA:19,1
DA:20,1
DA:21,4
DA:22,1
DA:23,1
DA:25,1
DA:29,2
DA:30,4
DA:31,2
DA:32,2
DA:35,1
DA:36,1
DA:38,1
DA:39,1
DA:41,1
DA:42,1
DA:44,1
DA:45,1
DA:47,1
DA:49,1
DA:50,1
DA:51,1
DA:54,1
DA:55,1
DA:56,1
DA:61,1
DA:62,1
DA:64,1
DA:65,1
DA:66,1
DA:67,1
DA:69,1
DA:70,1
DA:73,1
DA:74,1
DA:76,1
DA:77,1
DA:78,1
DA:79,1
DA:80,1
DA:82,1
DA:84,1
DA:87,1
DA:92,1
DA:93,1
DA:96,1
DA:97,1
DA:101,1
DA:103,1
DA:104,2
DA:113,1
DA:114,1
DA:115,1
DA:116,1
DA:117,1
DA:120,1
DA:121,2
DA:122,1
DA:123,1
DA:124,1
DA:125,1
DA:126,2
DA:128,1
DA:129,1
DA:130,2
DA:131,2
DA:134,1
LF:71
LH:71
end_of_record
SF:lib/data/models/ability_model.dart
DA:8,1
DA:12,1
DA:13,4
DA:16,1
DA:17,2
DA:21,3
LF:6
LH:6
end_of_record
SF:lib/data/models/remote_pokemon_details_model.dart
DA:21,1
DA:37,1
DA:38,4
DA:51,1
DA:52,1
DA:53,1
DA:54,4
DA:55,1
DA:56,3
DA:57,1
DA:58,1
DA:59,1
DA:60,1
DA:61,1
DA:62,2
DA:63,1
DA:64,3
DA:65,3
DA:66,3
DA:67,3
DA:68,3
DA:69,3
DA:73,2
DA:74,1
DA:75,1
DA:76,1
DA:77,5
DA:78,1
DA:79,1
DA:80,5
DA:81,1
DA:82,1
DA:83,1
DA:84,1
DA:85,1
DA:86,1
LF:36
LH:36
end_of_record
SF:lib/data/models/remote_pokemon_model.dart
DA:9,1
DA:14,1
DA:15,4
DA:18,1
DA:19,1
DA:20,1
DA:24,2
DA:25,1
DA:26,1
LF:9
LH:9
end_of_record
SF:lib/data/models/remote_pokemon_result_model.dart
DA:10,1
DA:15,1
DA:16,4
DA:19,1
DA:20,1
DA:21,1
DA:22,1
DA:23,2
DA:24,1
DA:27,2
DA:28,1
DA:29,5
LF:12
LH:12
end_of_record
SF:lib/data/models/type_model.dart
DA:9,1
DA:14,1
DA:15,4
DA:18,1
DA:19,2
DA:20,1
DA:24,2
DA:25,1
DA:26,1
LF:9
LH:9
end_of_record
SF:lib/data/usecases/load_pokemons/remote_load_pokemons.dart
DA:13,1
DA:18,1
DA:20,3
DA:21,3
DA:22,2
LF:5
LH:5
end_of_record
