SF:lib/data/usecases/load_pokemons/remote_load_pokemons.dart
DA:12,1
DA:14,1
DA:16,3
DA:17,3
DA:18,2
LF:5
LH:5
end_of_record
SF:lib/domain/helpers/domain_error.dart
DA:1,1
DA:2,1
DA:3,1
DA:4,1
DA:5,1
LF:5
LH:5
end_of_record
SF:lib/data/models/remote_pokemon_model.dart
DA:9,1
DA:14,1
DA:15,4
DA:18,1
DA:19,1
DA:20,1
DA:24,2
DA:25,1
DA:26,1
LF:9
LH:9
end_of_record
SF:lib/data/models/remote_pokemon_result_model.dart
DA:10,1
DA:15,1
DA:16,4
DA:19,1
DA:20,1
DA:21,1
DA:22,1
DA:23,2
DA:24,1
DA:27,2
DA:28,1
DA:29,5
LF:12
LH:12
end_of_record
SF:lib/domain/entities/pokemon_entity.dart
DA:8,1
DA:13,4
LF:2
LH:2
end_of_record
SF:lib/domain/entities/pokemon_result_entity.dart
DA:9,1
DA:11,4
LF:2
LH:2
end_of_record
SF:lib/data/http/http_error.dart
DA:1,2
DA:2,2
DA:3,2
DA:4,2
DA:5,2
DA:6,2
DA:7,2
LF:7
LH:7
end_of_record
SF:lib/infra/http/http_adapter.dart
DA:10,1
DA:12,1
DA:19,1
DA:22,3
DA:24,2
DA:26,2
DA:27,1
DA:28,1
DA:30,2
DA:32,2
DA:35,1
DA:37,1
DA:38,2
DA:39,1
DA:40,2
DA:45,1
DA:48,1
DA:49,2
DA:50,4
DA:51,2
DA:53,2
DA:55,2
DA:57,2
DA:59,2
LF:24
LH:24
end_of_record
